<?xml version="1.0" encoding="UTF-8"?>
<!-- Generated by org.testng.reporters.JUnitReportReporter -->
<testsuite hostname="Hp" name="com.mygithublab.DemoLoginTest" tests="1" failures="0" timestamp="21 Jan 2021 07:53:39 GMT" time="17.355" errors="0">
  <testcase name="loginByValidUserDemo" time="17.355" classname="com.mygithublab.DemoLoginTest"/>
</testsuite> <!-- com.mygithublab.DemoLoginTest -->
