<?xml version="1.0" encoding="UTF-8"?>
<!-- Generated by org.testng.reporters.JUnitReportReporter -->
<testsuite hostname="Hp" name="com.mygithublab.DemoLoginTest" tests="1" failures="0" timestamp="20 Jan 2021 16:38:18 GMT" time="33.090" errors="0">
  <testcase name="loginByValidUserDemo" time="33.090" classname="com.mygithublab.DemoLoginTest"/>
</testsuite> <!-- com.mygithublab.DemoLoginTest -->
