<?xml version="1.0" encoding="UTF-8"?>
<!-- Generated by org.testng.reporters.JUnitReportReporter -->
<testsuite hostname="Hp" name="com.mygithublab.LoginTest" tests="4" failures="0" timestamp="23 Jan 2021 18:07:05 GMT" time="166.386" errors="0">
  <testcase name="loginByInvalidUserPassSS4" time="23.908" classname="com.mygithublab.LoginTest"/>
  <testcase name="loginByInvalidUserSS2" time="58.934" classname="com.mygithublab.LoginTest"/>
  <testcase name="loginByValidUserSS1" time="45.161" classname="com.mygithublab.LoginTest"/>
  <testcase name="loginByInvalidPassSS3" time="38.383" classname="com.mygithublab.LoginTest"/>
</testsuite> <!-- com.mygithublab.LoginTest -->
