<?xml version="1.0" encoding="UTF-8"?>
<!-- Generated by org.testng.reporters.JUnitReportReporter -->
<testsuite hostname="Hp" name="com.mygithublab.DemoLoginTest" tests="1" failures="0" timestamp="23 Jan 2021 18:07:05 GMT" time="29.904" errors="0">
  <testcase name="loginByValidUserDemo" time="29.904" classname="com.mygithublab.DemoLoginTest"/>
</testsuite> <!-- com.mygithublab.DemoLoginTest -->
