<?xml version="1.0" encoding="UTF-8"?>
<!-- Generated by org.testng.reporters.JUnitReportReporter -->
<testsuite hostname="Hp" name="com.mygithublab.DemoLoginTest" tests="1" failures="0" timestamp="21 Jan 2021 15:51:20 GMT" time="18.709" errors="0">
  <testcase name="loginByValidUserDemo" time="18.709" classname="com.mygithublab.DemoLoginTest"/>
</testsuite> <!-- com.mygithublab.DemoLoginTest -->
