<?xml version="1.0" encoding="UTF-8"?>
<!-- Generated by org.testng.reporters.JUnitReportReporter -->
<testsuite hostname="Hp" name="com.mygithublab.LoginTest" tests="4" failures="0" timestamp="21 Jan 2021 07:53:39 GMT" time="62.758" errors="0">
  <testcase name="loginByInvalidPassSS3" time="18.962" classname="com.mygithublab.LoginTest"/>
  <testcase name="loginByInvalidUserSS2" time="15.019" classname="com.mygithublab.LoginTest"/>
  <testcase name="loginByInvalidUserPassSS4" time="12.524" classname="com.mygithublab.LoginTest"/>
  <testcase name="loginByValidUserSS1" time="16.253" classname="com.mygithublab.LoginTest"/>
</testsuite> <!-- com.mygithublab.LoginTest -->
