<?xml version="1.0" encoding="UTF-8"?>
<!-- Generated by org.testng.reporters.JUnitReportReporter -->
<testsuite hostname="Hp" name="com.mygithublab.LoginTest" tests="4" failures="0" timestamp="21 Jan 2021 15:51:20 GMT" time="54.450" errors="0">
  <testcase name="loginByValidUserSS1" time="17.893" classname="com.mygithublab.LoginTest"/>
  <testcase name="loginByInvalidPassSS3" time="10.720" classname="com.mygithublab.LoginTest"/>
  <testcase name="loginByInvalidUserSS2" time="14.465" classname="com.mygithublab.LoginTest"/>
  <testcase name="loginByInvalidUserPassSS4" time="11.372" classname="com.mygithublab.LoginTest"/>
</testsuite> <!-- com.mygithublab.LoginTest -->
