<?xml version="1.0" encoding="UTF-8"?>
<!-- Generated by org.testng.reporters.JUnitReportReporter -->
<testsuite hostname="Hp" name="com.mygithublab.LoginExcelTest" tests="1" failures="0" timestamp="20 Jan 2021 16:15:44 GMT" time="23.770" errors="0">
  <testcase name="loginValidFromExcelDataSS1" time="23.770" classname="com.mygithublab.LoginExcelTest"/>
</testsuite> <!-- com.mygithublab.LoginExcelTest -->
