<?xml version="1.0" encoding="UTF-8"?>
<!-- Generated by org.testng.reporters.JUnitReportReporter -->
<testsuite hostname="Hp" name="com.mygithublab.LoginTest" tests="4" failures="0" timestamp="21 Jan 2021 08:05:33 GMT" time="61.597" errors="0">
  <testcase name="loginByValidUserSS1" time="20.191" classname="com.mygithublab.LoginTest"/>
  <testcase name="loginByInvalidPassSS3" time="16.230" classname="com.mygithublab.LoginTest"/>
  <testcase name="loginByInvalidUserPassSS4" time="12.086" classname="com.mygithublab.LoginTest"/>
  <testcase name="loginByInvalidUserSS2" time="13.090" classname="com.mygithublab.LoginTest"/>
</testsuite> <!-- com.mygithublab.LoginTest -->
