<?xml version="1.0" encoding="UTF-8"?>
<!-- Generated by org.testng.reporters.JUnitReportReporter -->
<testsuite hostname="Hp" name="com.mygithublab.LoginTest" tests="4" failures="0" timestamp="20 Jan 2021 16:17:40 GMT" time="94.139" errors="0">
  <testcase name="loginByInvalidPassSS3" time="15.079" classname="com.mygithublab.LoginTest"/>
  <testcase name="loginByValidUserSS1" time="31.855" classname="com.mygithublab.LoginTest"/>
  <testcase name="loginByInvalidUserSS2" time="28.204" classname="com.mygithublab.LoginTest"/>
  <testcase name="loginByInvalidUserPassSS4" time="19.001" classname="com.mygithublab.LoginTest"/>
</testsuite> <!-- com.mygithublab.LoginTest -->
